------------------------------------------------------- <stdout> -------------------------------------------------------
Configuration:
[settings]
arch=x86_64
arch_build=x86_64
build_type=Release
compiler=Visual Studio
compiler.runtime=MD
compiler.version=17
os=Windows
os_build=Windows
[options]
[build_requires]
*: ninja/[^1.9]
[env]
CFLAGS=/diagnostics:caret /Wall
CONAN_CMAKE_GENERATOR=Ninja
zlib/1.2.12: Forced build from source
Version ranges solved
    Version range '' required by 'virtual' resolved to 'zlib/1.2.12' in local cache
    Version range '^1.9' required by 'zlib/1.2.12' resolved to 'ninja/1.11.0' in local cache

Installing package: zlib/[]
Requirements
    zlib/1.2.12 from 'conan-center' - Cache
Packages
    zlib/1.2.12:5a61a86bb3e07ce4262c80e1510f9c05e9b6d48b - Build
Build requirements
    ninja/1.11.0 from 'conan-center' - Cache
Build requirements packages
    ninja/1.11.0:0a420ff5c47119e668867cdb51baff0eca1fdb68 - Cache

Installing (downloading, building) binaries...
ninja/1.11.0: Already installed!
zlib/1.2.12: Applying build-requirement: ninja/1.11.0
zlib/1.2.12: Copying sources to build folder
zlib/1.2.12: Building your package in C:\conan\data\zlib\1.2.12\_\_\build\5a61a86bb3e07ce4262c80e1510f9c05e9b6d48b
zlib/1.2.12: Generator txt created conanbuildinfo.txt
zlib/1.2.12: Calling generate()
zlib/1.2.12: Aggregating env generators
------------------------------------------------------- <stderr> -------------------------------------------------------
zlib/1.2.12: WARN: Using the new toolchains and generators without specifying a build profile (e.g: -pr:b=default) is discouraged and might cause failures and unexpected behavior
------------------------------------------------------- <stdout> -------------------------------------------------------
zlib/1.2.12: Calling build()
zlib/1.2.12: CMake command: cmake -G "Ninja" -DCMAKE_TOOLCHAIN_FILE="C:/conan/data/zlib/1.2.12/_/_/build/5a61a86bb3e07ce4262c80e1510f9c05e9b6d48b/build/generators/conan_toolchain.cmake" -DCMAKE_INSTALL_PREFIX="C:/conan/data/zlib/1.2.12/_/_/package/5a61a86bb3e07ce4262c80e1510f9c05e9b6d48b" -DCMAKE_POLICY_DEFAULT_CMP0091="NEW" -DCMAKE_BUILD_TYPE="Release" "C:\conan\data\zlib\1.2.12\_\_\build\5a61a86bb3e07ce4262c80e1510f9c05e9b6d48b\src"
**********************************************************************
** Visual Studio 2022 Developer Command Prompt v17.1.1
** Copyright (c) 2021 Microsoft Corporation
**********************************************************************
[vcvarsall.bat] Environment initialized for: 'x64'
-- Using Conan toolchain: C:/conan/data/zlib/1.2.12/_/_/build/5a61a86bb3e07ce4262c80e1510f9c05e9b6d48b/build/generators/conan_toolchain.cmake
-- Conan toolchain: Setting BUILD_SHARED_LIBS = OFF
-- The C compiler identification is MSVC 19.31.31104.0
-- Detecting C compiler ABI info
-- Detecting C compiler ABI info - done
-- Check for working C compiler: C:/Program Files (x86)/Microsoft Visual Studio/2022/BuildTools/VC/Tools/MSVC/14.31.31103/bin/Hostx64/x64/cl.exe - skipped
-- Detecting C compile features
-- Detecting C compile features - done
-- Looking for sys/types.h
-- Looking for sys/types.h - found
-- Looking for stdint.h
-- Looking for stdint.h - found
-- Looking for stddef.h
-- Looking for stddef.h - found
-- Check size of off64_t
-- Check size of off64_t - failed
-- Looking for fseeko
-- Looking for fseeko - not found
-- Looking for unistd.h
-- Looking for unistd.h - not found
-- Renaming
--     C:/conan/data/zlib/1.2.12/_/_/build/5a61a86bb3e07ce4262c80e1510f9c05e9b6d48b/src/zconf.h
-- to 'zconf.h.included' because this file is included with zlib
-- but CMake generates it automatically in the build directory.
-- Configuring done
-- Generating done
-- Build files have been written to: C:/conan/data/zlib/1.2.12/_/_/build/5a61a86bb3e07ce4262c80e1510f9c05e9b6d48b/build
zlib/1.2.12: CMake command: cmake --build "C:\conan\data\zlib\1.2.12\_\_\build\5a61a86bb3e07ce4262c80e1510f9c05e9b6d48b\build" -- -j8
**********************************************************************
** Visual Studio 2022 Developer Command Prompt v17.1.1
** Copyright (c) 2021 Microsoft Corporation
**********************************************************************
[vcvarsall.bat] Environment initialized for: 'x64'
[1/16] Building C object CMakeFiles\zlib.dir\compress.c.obj
C:\conan\data\zlib\1.2.12\_\_\build\5a61a86bb3e07ce4262c80e1510f9c05e9b6d48b\src\compress.c(74) : warning C4711: function 'compress2' selected for automatic inline expansion
[2/16] Building C object CMakeFiles\zlib.dir\gzclose.c.obj
[3/16] Building C object CMakeFiles\zlib.dir\gzwrite.c.obj
C:\conan\data\zlib\1.2.12\_\_\build\5a61a86bb3e07ce4262c80e1510f9c05e9b6d48b\src\gzwrite.c(178) : warning C4711: function 'gz_comp' selected for automatic inline expansion
C:\conan\data\zlib\1.2.12\_\_\build\5a61a86bb3e07ce4262c80e1510f9c05e9b6d48b\src\gzwrite.c(592) : warning C5045: Compiler will insert Spectre mitigation for memory load if /Qspectre switch specified
C:\conan\data\zlib\1.2.12\_\_\build\5a61a86bb3e07ce4262c80e1510f9c05e9b6d48b\src\gzwrite.c(581) : note: index 'flush' range checked by comparison on this line
C:\conan\data\zlib\1.2.12\_\_\build\5a61a86bb3e07ce4262c80e1510f9c05e9b6d48b\src\gzwrite.c(592) : note: feeds call on this line
C:\conan\data\zlib\1.2.12\_\_\build\5a61a86bb3e07ce4262c80e1510f9c05e9b6d48b\src\gzwrite.c(460) : warning C5045: Compiler will insert Spectre mitigation for memory load if /Qspectre switch specified
C:\conan\data\zlib\1.2.12\_\_\build\5a61a86bb3e07ce4262c80e1510f9c05e9b6d48b\src\gzwrite.c(445) : note: index 'len' range checked by comparison on this line
C:\conan\data\zlib\1.2.12\_\_\build\5a61a86bb3e07ce4262c80e1510f9c05e9b6d48b\src\gzwrite.c(460) : note: feeds call on this line
C:\conan\data\zlib\1.2.12\_\_\build\5a61a86bb3e07ce4262c80e1510f9c05e9b6d48b\src\gzwrite.c(279) : warning C5045: Compiler will insert Spectre mitigation for memory load if /Qspectre switch specified
C:\conan\data\zlib\1.2.12\_\_\build\5a61a86bb3e07ce4262c80e1510f9c05e9b6d48b\src\gzwrite.c(273) : note: index 'len' range checked by comparison on this line
C:\conan\data\zlib\1.2.12\_\_\build\5a61a86bb3e07ce4262c80e1510f9c05e9b6d48b\src\gzwrite.c(279) : note: feeds call on this line
[4/16] Building C object CMakeFiles\zlib.dir\adler32.c.obj
[5/16] Building C object CMakeFiles\zlib.dir\gzread.c.obj
C:\conan\data\zlib\1.2.12\_\_\build\5a61a86bb3e07ce4262c80e1510f9c05e9b6d48b\src\gzread.c(74) : warning C4711: function 'gz_load' selected for automatic inline expansion
C:\conan\data\zlib\1.2.12\_\_\build\5a61a86bb3e07ce4262c80e1510f9c05e9b6d48b\src\gzread.c(186) : warning C4711: function 'gz_avail' selected for automatic inline expansion
C:\conan\data\zlib\1.2.12\_\_\build\5a61a86bb3e07ce4262c80e1510f9c05e9b6d48b\src\gzread.c(284) : warning C4711: function 'gz_fetch' selected for automatic inline expansion
C:\conan\data\zlib\1.2.12\_\_\build\5a61a86bb3e07ce4262c80e1510f9c05e9b6d48b\src\gzread.c(349) : warning C4711: function 'gz_load' selected for automatic inline expansion
C:\conan\data\zlib\1.2.12\_\_\build\5a61a86bb3e07ce4262c80e1510f9c05e9b6d48b\src\gzread.c(35) : warning C5045: Compiler will insert Spectre mitigation for memory load if /Qspectre switch specified
C:\conan\data\zlib\1.2.12\_\_\build\5a61a86bb3e07ce4262c80e1510f9c05e9b6d48b\src\gzread.c(338) : note: index 'n' range checked by comparison on this line
C:\conan\data\zlib\1.2.12\_\_\build\5a61a86bb3e07ce4262c80e1510f9c05e9b6d48b\src\gzread.c(35) : note: feeds call on this line
C:\conan\data\zlib\1.2.12\_\_\build\5a61a86bb3e07ce4262c80e1510f9c05e9b6d48b\src\gzread.c(407) : warning C5045: Compiler will insert Spectre mitigation for memory load if /Qspectre switch specified
C:\conan\data\zlib\1.2.12\_\_\build\5a61a86bb3e07ce4262c80e1510f9c05e9b6d48b\src\gzread.c(394) : note: index 'len' range checked by comparison on this line
C:\conan\data\zlib\1.2.12\_\_\build\5a61a86bb3e07ce4262c80e1510f9c05e9b6d48b\src\gzread.c(407) : note: feeds call on this line
C:\conan\data\zlib\1.2.12\_\_\build\5a61a86bb3e07ce4262c80e1510f9c05e9b6d48b\src\gzread.c(400) : warning C5045: Compiler will insert Spectre mitigation for memory load if /Qspectre switch specified
C:\conan\data\zlib\1.2.12\_\_\build\5a61a86bb3e07ce4262c80e1510f9c05e9b6d48b\src\gzread.c(394) : note: index 'len' range checked by comparison on this line
C:\conan\data\zlib\1.2.12\_\_\build\5a61a86bb3e07ce4262c80e1510f9c05e9b6d48b\src\gzread.c(400) : note: feeds call on this line
C:\conan\data\zlib\1.2.12\_\_\build\5a61a86bb3e07ce4262c80e1510f9c05e9b6d48b\src\gzread.c(477) : warning C4711: function 'gzgetc' selected for automatic inline expansion
[6/16] Building C object CMakeFiles\zlib.dir\gzlib.c.obj
C:\conan\data\zlib\1.2.12\_\_\build\5a61a86bb3e07ce4262c80e1510f9c05e9b6d48b\src\gzlib.c(479) : warning C4711: function 'gztell64' selected for automatic inline expansion
C:\conan\data\zlib\1.2.12\_\_\build\5a61a86bb3e07ce4262c80e1510f9c05e9b6d48b\src\gzlib.c(512) : warning C4711: function 'gzoffset64' selected for automatic inline expansion
C:\conan\data\zlib\1.2.12\_\_\build\5a61a86bb3e07ce4262c80e1510f9c05e9b6d48b\src\gzlib.c(613) : warning C4710: 'snprintf': function not inlined
C:\conan\data\zlib\1.2.12\_\_\build\5a61a86bb3e07ce4262c80e1510f9c05e9b6d48b\src\gzlib.c(572) : warning C4711: function 'gz_error' selected for automatic inline expansion
C:\conan\data\zlib\1.2.12\_\_\build\5a61a86bb3e07ce4262c80e1510f9c05e9b6d48b\src\gzlib.c(87) : warning C4711: function 'gz_error' selected for automatic inline expansion
C:\conan\data\zlib\1.2.12\_\_\build\5a61a86bb3e07ce4262c80e1510f9c05e9b6d48b\src\gzlib.c(216) : warning C4710: 'snprintf': function not inlined
C:\conan\data\zlib\1.2.12\_\_\build\5a61a86bb3e07ce4262c80e1510f9c05e9b6d48b\src\gzlib.c(409) : warning C4711: function 'gz_error' selected for automatic inline expansion
C:\conan\data\zlib\1.2.12\_\_\build\5a61a86bb3e07ce4262c80e1510f9c05e9b6d48b\src\gzlib.c(87) : warning C4711: function 'gz_error' selected for automatic inline expansion
C:\conan\data\zlib\1.2.12\_\_\build\5a61a86bb3e07ce4262c80e1510f9c05e9b6d48b\src\gzlib.c(363) : warning C4711: function 'gz_reset' selected for automatic inline expansion
C:\conan\data\zlib\1.2.12\_\_\build\5a61a86bb3e07ce4262c80e1510f9c05e9b6d48b\src\gzlib.c(422) : warning C4711: function 'gzrewind' selected for automatic inline expansion
C:\conan\data\zlib\1.2.12\_\_\build\5a61a86bb3e07ce4262c80e1510f9c05e9b6d48b\src\gzlib.c(87) : warning C4711: function 'gz_error' selected for automatic inline expansion
C:\conan\data\zlib\1.2.12\_\_\build\5a61a86bb3e07ce4262c80e1510f9c05e9b6d48b\src\gzlib.c(265) : warning C4711: function 'gz_reset' selected for automatic inline expansion
C:\conan\data\zlib\1.2.12\_\_\build\5a61a86bb3e07ce4262c80e1510f9c05e9b6d48b\src\gzlib.c(298) : warning C4710: 'snprintf': function not inlined
[7/16] Building C object CMakeFiles\zlib.dir\crc32.c.obj
C:\conan\data\zlib\1.2.12\_\_\build\5a61a86bb3e07ce4262c80e1510f9c05e9b6d48b\src\crc32.c(575) : warning C4711: function 'multmodp' selected for automatic inline expansion
C:\conan\data\zlib\1.2.12\_\_\build\5a61a86bb3e07ce4262c80e1510f9c05e9b6d48b\src\crc32.c(889) : warning C4711: function 'crc_word' selected for automatic inline expansion
C:\conan\data\zlib\1.2.12\_\_\build\5a61a86bb3e07ce4262c80e1510f9c05e9b6d48b\src\crc32.c(891) : warning C4711: function 'crc_word' selected for automatic inline expansion
C:\conan\data\zlib\1.2.12\_\_\build\5a61a86bb3e07ce4262c80e1510f9c05e9b6d48b\src\crc32.c(893) : warning C4711: function 'crc_word' selected for automatic inline expansion
C:\conan\data\zlib\1.2.12\_\_\build\5a61a86bb3e07ce4262c80e1510f9c05e9b6d48b\src\crc32.c(895) : warning C4711: function 'crc_word' selected for automatic inline expansion
C:\conan\data\zlib\1.2.12\_\_\build\5a61a86bb3e07ce4262c80e1510f9c05e9b6d48b\src\crc32.c(897) : warning C4711: function 'crc_word' selected for automatic inline expansion
C:\conan\data\zlib\1.2.12\_\_\build\5a61a86bb3e07ce4262c80e1510f9c05e9b6d48b\src\crc32.c(1115) : warning C4711: function 'multmodp' selected for automatic inline expansion
C:\conan\data\zlib\1.2.12\_\_\build\5a61a86bb3e07ce4262c80e1510f9c05e9b6d48b\src\crc32.c(928) : warning C4711: function 'byte_swap' selected for automatic inline expansion
C:\conan\data\zlib\1.2.12\_\_\build\5a61a86bb3e07ce4262c80e1510f9c05e9b6d48b\src\crc32.c(1011) : warning C4711: function 'crc_word_big' selected for automatic inline expansion
C:\conan\data\zlib\1.2.12\_\_\build\5a61a86bb3e07ce4262c80e1510f9c05e9b6d48b\src\crc32.c(1013) : warning C4711: function 'crc_word_big' selected for automatic inline expansion
C:\conan\data\zlib\1.2.12\_\_\build\5a61a86bb3e07ce4262c80e1510f9c05e9b6d48b\src\crc32.c(1015) : warning C4711: function 'crc_word_big' selected for automatic inline expansion
C:\conan\data\zlib\1.2.12\_\_\build\5a61a86bb3e07ce4262c80e1510f9c05e9b6d48b\src\crc32.c(1017) : warning C4711: function 'crc_word_big' selected for automatic inline expansion
C:\conan\data\zlib\1.2.12\_\_\build\5a61a86bb3e07ce4262c80e1510f9c05e9b6d48b\src\crc32.c(1019) : warning C4711: function 'crc_word_big' selected for automatic inline expansion
C:\conan\data\zlib\1.2.12\_\_\build\5a61a86bb3e07ce4262c80e1510f9c05e9b6d48b\src\crc32.c(1028) : warning C4711: function 'byte_swap' selected for automatic inline expansion
C:\conan\data\zlib\1.2.12\_\_\build\5a61a86bb3e07ce4262c80e1510f9c05e9b6d48b\src\crc32.c(1080) : warning C4711: function 'multmodp' selected for automatic inline expansion
C:\conan\data\zlib\1.2.12\_\_\build\5a61a86bb3e07ce4262c80e1510f9c05e9b6d48b\src\crc32.c(1080) : warning C4711: function 'multmodp' selected for automatic inline expansion
C:\conan\data\zlib\1.2.12\_\_\build\5a61a86bb3e07ce4262c80e1510f9c05e9b6d48b\src\crc32.c(1106) : warning C4711: function 'crc32_combine_gen64' selected for automatic inline expansion
C:\conan\data\zlib\1.2.12\_\_\build\5a61a86bb3e07ce4262c80e1510f9c05e9b6d48b\src\crc32.c(1089) : warning C4711: function 'crc32_combine64' selected for automatic inline expansion
[8/16] Building C object CMakeFiles\zlib.dir\uncompr.c.obj
C:\conan\data\zlib\1.2.12\_\_\build\5a61a86bb3e07ce4262c80e1510f9c05e9b6d48b\src\uncompr.c(92) : warning C4711: function 'uncompress2' selected for automatic inline expansion
[9/16] Building C object CMakeFiles\zlib.dir\inftrees.c.obj
[10/16] Building C object CMakeFiles\zlib.dir\inffast.c.obj
[11/16] Building C object CMakeFiles\zlib.dir\zutil.c.obj
[12/16] Building C object CMakeFiles\zlib.dir\infback.c.obj
C:\conan\data\zlib\1.2.12\_\_\build\5a61a86bb3e07ce4262c80e1510f9c05e9b6d48b\src\infback.c(309) : warning C4711: function 'fixedtables' selected for automatic inline expansion
[13/16] Building C object CMakeFiles\zlib.dir\trees.c.obj
C:\conan\data\zlib\1.2.12\_\_\build\5a61a86bb3e07ce4262c80e1510f9c05e9b6d48b\src\trees.c(724,40): warning C4242: '+=': conversion from 'int' to 'ush', possible loss of data
            s->bl_tree[curlen].Freq += count;
                                       ^
C:\conan\data\zlib\1.2.12\_\_\build\5a61a86bb3e07ce4262c80e1510f9c05e9b6d48b\src\trees.c(1020,33): warning C4242: '=': conversion from 'unsigned int' to 'uchf', possible loss of data
    s->sym_buf[s->sym_next++] = dist;
                                ^
C:\conan\data\zlib\1.2.12\_\_\build\5a61a86bb3e07ce4262c80e1510f9c05e9b6d48b\src\trees.c(1022,33): warning C4242: '=': conversion from 'unsigned int' to 'uchf', possible loss of data
    s->sym_buf[s->sym_next++] = lc;
                                ^
C:\conan\data\zlib\1.2.12\_\_\build\5a61a86bb3e07ce4262c80e1510f9c05e9b6d48b\src\trees.c(382) : warning C4711: function 'tr_static_init' selected for automatic inline expansion
C:\conan\data\zlib\1.2.12\_\_\build\5a61a86bb3e07ce4262c80e1510f9c05e9b6d48b\src\trees.c(600) : warning C4711: function 'bi_reverse' selected for automatic inline expansion
C:\conan\data\zlib\1.2.12\_\_\build\5a61a86bb3e07ce4262c80e1510f9c05e9b6d48b\src\trees.c(870) : warning C4711: function 'bi_windup' selected for automatic inline expansion
C:\conan\data\zlib\1.2.12\_\_\build\5a61a86bb3e07ce4262c80e1510f9c05e9b6d48b\src\trees.c(926) : warning C4711: function 'detect_data_type' selected for automatic inline expansion
C:\conan\data\zlib\1.2.12\_\_\build\5a61a86bb3e07ce4262c80e1510f9c05e9b6d48b\src\trees.c(943) : warning C4711: function 'build_bl_tree' selected for automatic inline expansion
C:\conan\data\zlib\1.2.12\_\_\build\5a61a86bb3e07ce4262c80e1510f9c05e9b6d48b\src\trees.c(972) : warning C5045: Compiler will insert Spectre mitigation for memory load if /Qspectre switch specified
C:\conan\data\zlib\1.2.12\_\_\build\5a61a86bb3e07ce4262c80e1510f9c05e9b6d48b\src\trees.c(963) : note: index '' range checked by comparison on this line
C:\conan\data\zlib\1.2.12\_\_\build\5a61a86bb3e07ce4262c80e1510f9c05e9b6d48b\src\trees.c(972) : note: feeds call on this line
[14/16] Building C object CMakeFiles\zlib.dir\deflate.c.obj
C:\conan\data\zlib\1.2.12\_\_\build\5a61a86bb3e07ce4262c80e1510f9c05e9b6d48b\src\deflate.c(1735,42): warning C4242: '=': conversion from 'unsigned int' to 'Bytef', possible loss of data
        s->pending_buf[s->pending - 4] = len;
                                         ^
C:\conan\data\zlib\1.2.12\_\_\build\5a61a86bb3e07ce4262c80e1510f9c05e9b6d48b\src\deflate.c(1915,1): warning C4242: '=': conversion from 'ush' to 'uchf', possible loss of data
            _tr_tally_dist(s, s->strstart - s->match_start,
^
C:\conan\data\zlib\1.2.12\_\_\build\5a61a86bb3e07ce4262c80e1510f9c05e9b6d48b\src\deflate.c(2040,1): warning C4242: '=': conversion from 'ush' to 'uchf', possible loss of data
            _tr_tally_dist(s, s->strstart -1 - s->prev_match,
^
C:\conan\data\zlib\1.2.12\_\_\build\5a61a86bb3e07ce4262c80e1510f9c05e9b6d48b\src\deflate.c(2150,13): warning C4242: '=': conversion from 'ush' to 'uchf', possible loss of data
            _tr_tally_dist(s, 1, s->match_length - MIN_MATCH, bflush);
            ^
C:\conan\data\zlib\1.2.12\_\_\build\5a61a86bb3e07ce4262c80e1510f9c05e9b6d48b\src\deflate.c(493) : warning C4711: function 'deflateStateCheck' selected for automatic inline expansion
C:\conan\data\zlib\1.2.12\_\_\build\5a61a86bb3e07ce4262c80e1510f9c05e9b6d48b\src\deflate.c(1415) : warning C5045: Compiler will insert Spectre mitigation for memory load if /Qspectre switch specified
C:\conan\data\zlib\1.2.12\_\_\build\5a61a86bb3e07ce4262c80e1510f9c05e9b6d48b\src\deflate.c(1415) : note: index 'best_len' range checked by comparison on this line
C:\conan\data\zlib\1.2.12\_\_\build\5a61a86bb3e07ce4262c80e1510f9c05e9b6d48b\src\deflate.c(1415) : note: feeds call on this line
C:\conan\data\zlib\1.2.12\_\_\build\5a61a86bb3e07ce4262c80e1510f9c05e9b6d48b\src\deflate.c(561) : warning C4711: function 'deflateStateCheck' selected for automatic inline expansion
C:\conan\data\zlib\1.2.12\_\_\build\5a61a86bb3e07ce4262c80e1510f9c05e9b6d48b\src\deflate.c(512) : warning C4711: function 'deflateStateCheck' selected for automatic inline expansion
C:\conan\data\zlib\1.2.12\_\_\build\5a61a86bb3e07ce4262c80e1510f9c05e9b6d48b\src\deflate.c(590) : warning C4711: function 'deflateStateCheck' selected for automatic inline expansion
C:\conan\data\zlib\1.2.12\_\_\build\5a61a86bb3e07ce4262c80e1510f9c05e9b6d48b\src\deflate.c(1124) : warning C4711: function 'deflateStateCheck' selected for automatic inline expansion
C:\conan\data\zlib\1.2.12\_\_\build\5a61a86bb3e07ce4262c80e1510f9c05e9b6d48b\src\deflate.c(667) : warning C4711: function 'deflateStateCheck' selected for automatic inline expansion
C:\conan\data\zlib\1.2.12\_\_\build\5a61a86bb3e07ce4262c80e1510f9c05e9b6d48b\src\deflate.c(705) : warning C4711: function 'deflateStateCheck' selected for automatic inline expansion
C:\conan\data\zlib\1.2.12\_\_\build\5a61a86bb3e07ce4262c80e1510f9c05e9b6d48b\src\deflate.c(1558) : warning C4711: function 'slide_hash' selected for automatic inline expansion
C:\conan\data\zlib\1.2.12\_\_\build\5a61a86bb3e07ce4262c80e1510f9c05e9b6d48b\src\deflate.c(1552) : warning C5045: Compiler will insert Spectre mitigation for memory load if /Qspectre switch specified
C:\conan\data\zlib\1.2.12\_\_\build\5a61a86bb3e07ce4262c80e1510f9c05e9b6d48b\src\deflate.c(1550) : note: index '' range checked by comparison on this line
C:\conan\data\zlib\1.2.12\_\_\build\5a61a86bb3e07ce4262c80e1510f9c05e9b6d48b\src\deflate.c(1552) : note: feeds call on this line
C:\conan\data\zlib\1.2.12\_\_\build\5a61a86bb3e07ce4262c80e1510f9c05e9b6d48b\src\deflate.c(1741) : warning C4711: function 'flush_pending' selected for automatic inline expansion
C:\conan\data\zlib\1.2.12\_\_\build\5a61a86bb3e07ce4262c80e1510f9c05e9b6d48b\src\deflate.c(573) : warning C4711: function 'deflateStateCheck' selected for automatic inline expansion
C:\conan\data\zlib\1.2.12\_\_\build\5a61a86bb3e07ce4262c80e1510f9c05e9b6d48b\src\deflate.c(512) : warning C4711: function 'deflateStateCheck' selected for automatic inline expansion
C:\conan\data\zlib\1.2.12\_\_\build\5a61a86bb3e07ce4262c80e1510f9c05e9b6d48b\src\deflate.c(550) : warning C4711: function 'deflateResetKeep' selected for automatic inline expansion
C:\conan\data\zlib\1.2.12\_\_\build\5a61a86bb3e07ce4262c80e1510f9c05e9b6d48b\src\deflate.c(552) : warning C4711: function 'lm_init' selected for automatic inline expansion
C:\conan\data\zlib\1.2.12\_\_\build\5a61a86bb3e07ce4262c80e1510f9c05e9b6d48b\src\deflate.c(1156) : warning C4711: function 'deflateStateCheck' selected for automatic inline expansion
C:\conan\data\zlib\1.2.12\_\_\build\5a61a86bb3e07ce4262c80e1510f9c05e9b6d48b\src\deflate.c(1956) : warning C4711: function 'flush_pending' selected for automatic inline expansion
C:\conan\data\zlib\1.2.12\_\_\build\5a61a86bb3e07ce4262c80e1510f9c05e9b6d48b\src\deflate.c(2162) : warning C4711: function 'flush_pending' selected for automatic inline expansion
C:\conan\data\zlib\1.2.12\_\_\build\5a61a86bb3e07ce4262c80e1510f9c05e9b6d48b\src\deflate.c(1799) : warning C5045: Compiler will insert Spectre mitigation for memory load if /Qspectre switch specified
C:\conan\data\zlib\1.2.12\_\_\build\5a61a86bb3e07ce4262c80e1510f9c05e9b6d48b\src\deflate.c(1783) : note: index 'used' range checked by comparison on this line
C:\conan\data\zlib\1.2.12\_\_\build\5a61a86bb3e07ce4262c80e1510f9c05e9b6d48b\src\deflate.c(1799) : note: feeds call on this line
C:\conan\data\zlib\1.2.12\_\_\build\5a61a86bb3e07ce4262c80e1510f9c05e9b6d48b\src\deflate.c(2015) : warning C5045: Compiler will insert Spectre mitigation for memory load if /Qspectre switch specified
C:\conan\data\zlib\1.2.12\_\_\build\5a61a86bb3e07ce4262c80e1510f9c05e9b6d48b\src\deflate.c(2009) : note: index '' range checked by comparison on this line
C:\conan\data\zlib\1.2.12\_\_\build\5a61a86bb3e07ce4262c80e1510f9c05e9b6d48b\src\deflate.c(2015) : note: feeds call on this line
C:\conan\data\zlib\1.2.12\_\_\build\5a61a86bb3e07ce4262c80e1510f9c05e9b6d48b\src\deflate.c(1909) : warning C5045: Compiler will insert Spectre mitigation for memory load if /Qspectre switch specified
C:\conan\data\zlib\1.2.12\_\_\build\5a61a86bb3e07ce4262c80e1510f9c05e9b6d48b\src\deflate.c(1904) : note: index '' range checked by comparison on this line
C:\conan\data\zlib\1.2.12\_\_\build\5a61a86bb3e07ce4262c80e1510f9c05e9b6d48b\src\deflate.c(1909) : note: feeds call on this line
C:\conan\data\zlib\1.2.12\_\_\build\5a61a86bb3e07ce4262c80e1510f9c05e9b6d48b\src\deflate.c(2201) : warning C4711: function 'flush_pending' selected for automatic inline expansion
C:\conan\data\zlib\1.2.12\_\_\build\5a61a86bb3e07ce4262c80e1510f9c05e9b6d48b\src\deflate.c(427) : warning C4711: function 'deflateStateCheck' selected for automatic inline expansion
C:\conan\data\zlib\1.2.12\_\_\build\5a61a86bb3e07ce4262c80e1510f9c05e9b6d48b\src\deflate.c(811) : warning C4711: function 'deflateStateCheck' selected for automatic inline expansion
C:\conan\data\zlib\1.2.12\_\_\build\5a61a86bb3e07ce4262c80e1510f9c05e9b6d48b\src\deflate.c(874) : warning C4711: function 'putShortMSB' selected for automatic inline expansion
C:\conan\data\zlib\1.2.12\_\_\build\5a61a86bb3e07ce4262c80e1510f9c05e9b6d48b\src\deflate.c(878) : warning C4711: function 'putShortMSB' selected for automatic inline expansion
C:\conan\data\zlib\1.2.12\_\_\build\5a61a86bb3e07ce4262c80e1510f9c05e9b6d48b\src\deflate.c(879) : warning C4711: function 'putShortMSB' selected for automatic inline expansion
C:\conan\data\zlib\1.2.12\_\_\build\5a61a86bb3e07ce4262c80e1510f9c05e9b6d48b\src\deflate.c(1107) : warning C4711: function 'putShortMSB' selected for automatic inline expansion
C:\conan\data\zlib\1.2.12\_\_\build\5a61a86bb3e07ce4262c80e1510f9c05e9b6d48b\src\deflate.c(1108) : warning C4711: function 'putShortMSB' selected for automatic inline expansion
C:\conan\data\zlib\1.2.12\_\_\build\5a61a86bb3e07ce4262c80e1510f9c05e9b6d48b\src\deflate.c(1043) : warning C5045: Compiler will insert Spectre mitigation for memory load if /Qspectre switch specified
C:\conan\data\zlib\1.2.12\_\_\build\5a61a86bb3e07ce4262c80e1510f9c05e9b6d48b\src\deflate.c(811) : note: index 'flush' range checked by comparison on this line
C:\conan\data\zlib\1.2.12\_\_\build\5a61a86bb3e07ce4262c80e1510f9c05e9b6d48b\src\deflate.c(1043) : note: feeds call on this line
C:\conan\data\zlib\1.2.12\_\_\build\5a61a86bb3e07ce4262c80e1510f9c05e9b6d48b\src\deflate.c(1009) : warning C5045: Compiler will insert Spectre mitigation for memory load if /Qspectre switch specified
C:\conan\data\zlib\1.2.12\_\_\build\5a61a86bb3e07ce4262c80e1510f9c05e9b6d48b\src\deflate.c(1009) : note: index 'beg' range checked by comparison on this line
C:\conan\data\zlib\1.2.12\_\_\build\5a61a86bb3e07ce4262c80e1510f9c05e9b6d48b\src\deflate.c(1009) : note: feeds call on this line
C:\conan\data\zlib\1.2.12\_\_\build\5a61a86bb3e07ce4262c80e1510f9c05e9b6d48b\src\deflate.c(987) : warning C5045: Compiler will insert Spectre mitigation for memory load if /Qspectre switch specified
C:\conan\data\zlib\1.2.12\_\_\build\5a61a86bb3e07ce4262c80e1510f9c05e9b6d48b\src\deflate.c(987) : note: index 'beg' range checked by comparison on this line
C:\conan\data\zlib\1.2.12\_\_\build\5a61a86bb3e07ce4262c80e1510f9c05e9b6d48b\src\deflate.c(987) : note: feeds call on this line
C:\conan\data\zlib\1.2.12\_\_\build\5a61a86bb3e07ce4262c80e1510f9c05e9b6d48b\src\deflate.c(965) : warning C5045: Compiler will insert Spectre mitigation for memory load if /Qspectre switch specified
C:\conan\data\zlib\1.2.12\_\_\build\5a61a86bb3e07ce4262c80e1510f9c05e9b6d48b\src\deflate.c(965) : note: index 'beg' range checked by comparison on this line
C:\conan\data\zlib\1.2.12\_\_\build\5a61a86bb3e07ce4262c80e1510f9c05e9b6d48b\src\deflate.c(965) : note: feeds call on this line
C:\conan\data\zlib\1.2.12\_\_\build\5a61a86bb3e07ce4262c80e1510f9c05e9b6d48b\src\deflate.c(617) : warning C4711: function 'deflateStateCheck' selected for automatic inline expansion
[15/16] Building C object CMakeFiles\zlib.dir\inflate.c.obj
C:\conan\data\zlib\1.2.12\_\_\build\5a61a86bb3e07ce4262c80e1510f9c05e9b6d48b\src\inflate.c(434) : warning C5045: Compiler will insert Spectre mitigation for memory load if /Qspectre switch specified
C:\conan\data\zlib\1.2.12\_\_\build\5a61a86bb3e07ce4262c80e1510f9c05e9b6d48b\src\inflate.c(423) : note: index 'copy' range checked by comparison on this line
C:\conan\data\zlib\1.2.12\_\_\build\5a61a86bb3e07ce4262c80e1510f9c05e9b6d48b\src\inflate.c(434) : note: feeds call on this line
C:\conan\data\zlib\1.2.12\_\_\build\5a61a86bb3e07ce4262c80e1510f9c05e9b6d48b\src\inflate.c(124) : warning C4711: function 'inflateStateCheck' selected for automatic inline expansion
C:\conan\data\zlib\1.2.12\_\_\build\5a61a86bb3e07ce4262c80e1510f9c05e9b6d48b\src\inflate.c(431) : warning C5045: Compiler will insert Spectre mitigation for memory load if /Qspectre switch specified
C:\conan\data\zlib\1.2.12\_\_\build\5a61a86bb3e07ce4262c80e1510f9c05e9b6d48b\src\inflate.c(423) : note: index 'copy' range checked by comparison on this line
C:\conan\data\zlib\1.2.12\_\_\build\5a61a86bb3e07ce4262c80e1510f9c05e9b6d48b\src\inflate.c(431) : note: feeds call on this line
C:\conan\data\zlib\1.2.12\_\_\build\5a61a86bb3e07ce4262c80e1510f9c05e9b6d48b\src\inflate.c(255) : warning C4711: function 'inflateStateCheck' selected for automatic inline expansion
C:\conan\data\zlib\1.2.12\_\_\build\5a61a86bb3e07ce4262c80e1510f9c05e9b6d48b\src\inflate.c(1305) : warning C4711: function 'inflateStateCheck' selected for automatic inline expansion
C:\conan\data\zlib\1.2.12\_\_\build\5a61a86bb3e07ce4262c80e1510f9c05e9b6d48b\src\inflate.c(1380) : warning C4711: function 'inflateStateCheck' selected for automatic inline expansion
C:\conan\data\zlib\1.2.12\_\_\build\5a61a86bb3e07ce4262c80e1510f9c05e9b6d48b\src\inflate.c(1487) : warning C4711: function 'inflateStateCheck' selected for automatic inline expansion
C:\conan\data\zlib\1.2.12\_\_\build\5a61a86bb3e07ce4262c80e1510f9c05e9b6d48b\src\inflate.c(1502) : warning C4711: function 'inflateStateCheck' selected for automatic inline expansion
C:\conan\data\zlib\1.2.12\_\_\build\5a61a86bb3e07ce4262c80e1510f9c05e9b6d48b\src\inflate.c(1323) : warning C4711: function 'inflateStateCheck' selected for automatic inline expansion
C:\conan\data\zlib\1.2.12\_\_\build\5a61a86bb3e07ce4262c80e1510f9c05e9b6d48b\src\inflate.c(1577) : warning C4711: function 'inflateStateCheck' selected for automatic inline expansion
C:\conan\data\zlib\1.2.12\_\_\build\5a61a86bb3e07ce4262c80e1510f9c05e9b6d48b\src\inflate.c(150) : warning C4711: function 'inflateStateCheck' selected for automatic inline expansion
C:\conan\data\zlib\1.2.12\_\_\build\5a61a86bb3e07ce4262c80e1510f9c05e9b6d48b\src\inflate.c(124) : warning C4711: function 'inflateStateCheck' selected for automatic inline expansion
C:\conan\data\zlib\1.2.12\_\_\build\5a61a86bb3e07ce4262c80e1510f9c05e9b6d48b\src\inflate.c(155) : warning C4711: function 'inflateResetKeep' selected for automatic inline expansion
C:\conan\data\zlib\1.2.12\_\_\build\5a61a86bb3e07ce4262c80e1510f9c05e9b6d48b\src\inflate.c(646) : warning C4711: function 'inflateStateCheck' selected for automatic inline expansion
C:\conan\data\zlib\1.2.12\_\_\build\5a61a86bb3e07ce4262c80e1510f9c05e9b6d48b\src\inflate.c(878) : warning C4711: function 'fixedtables' selected for automatic inline expansion
C:\conan\data\zlib\1.2.12\_\_\build\5a61a86bb3e07ce4262c80e1510f9c05e9b6d48b\src\inflate.c(1563) : warning C4711: function 'inflateStateCheck' selected for automatic inline expansion
C:\conan\data\zlib\1.2.12\_\_\build\5a61a86bb3e07ce4262c80e1510f9c05e9b6d48b\src\inflate.c(1348) : warning C4711: function 'inflateStateCheck' selected for automatic inline expansion
C:\conan\data\zlib\1.2.12\_\_\build\5a61a86bb3e07ce4262c80e1510f9c05e9b6d48b\src\inflate.c(1545) : warning C4711: function 'inflateStateCheck' selected for automatic inline expansion
C:\conan\data\zlib\1.2.12\_\_\build\5a61a86bb3e07ce4262c80e1510f9c05e9b6d48b\src\inflate.c(166) : warning C4711: function 'inflateStateCheck' selected for automatic inline expansion
C:\conan\data\zlib\1.2.12\_\_\build\5a61a86bb3e07ce4262c80e1510f9c05e9b6d48b\src\inflate.c(1434) : warning C4711: function 'inflateStateCheck' selected for automatic inline expansion
C:\conan\data\zlib\1.2.12\_\_\build\5a61a86bb3e07ce4262c80e1510f9c05e9b6d48b\src\inflate.c(1450) : warning C4711: function 'syncsearch' selected for automatic inline expansion
C:\conan\data\zlib\1.2.12\_\_\build\5a61a86bb3e07ce4262c80e1510f9c05e9b6d48b\src\inflate.c(1589) : warning C4711: function 'inflateStateCheck' selected for automatic inline expansion
C:\conan\data\zlib\1.2.12\_\_\build\5a61a86bb3e07ce4262c80e1510f9c05e9b6d48b\src\inflate.c(166) : warning C4711: function 'inflateStateCheck' selected for automatic inline expansion
C:\conan\data\zlib\1.2.12\_\_\build\5a61a86bb3e07ce4262c80e1510f9c05e9b6d48b\src\inflate.c(150) : warning C4711: function 'inflateStateCheck' selected for automatic inline expansion
C:\conan\data\zlib\1.2.12\_\_\build\5a61a86bb3e07ce4262c80e1510f9c05e9b6d48b\src\inflate.c(124) : warning C4711: function 'inflateStateCheck' selected for automatic inline expansion
C:\conan\data\zlib\1.2.12\_\_\build\5a61a86bb3e07ce4262c80e1510f9c05e9b6d48b\src\inflate.c(155) : warning C4711: function 'inflateResetKeep' selected for automatic inline expansion
C:\conan\data\zlib\1.2.12\_\_\build\5a61a86bb3e07ce4262c80e1510f9c05e9b6d48b\src\inflate.c(193) : warning C4711: function 'inflateReset' selected for automatic inline expansion
C:\conan\data\zlib\1.2.12\_\_\build\5a61a86bb3e07ce4262c80e1510f9c05e9b6d48b\src\inflate.c(232) : warning C4711: function 'inflateReset2' selected for automatic inline expansion
[16/16] Linking C static library zlib.lib
zlib/1.2.12: Package '5a61a86bb3e07ce4262c80e1510f9c05e9b6d48b' built
zlib/1.2.12: Build folder C:\conan\data\zlib\1.2.12\_\_\build\5a61a86bb3e07ce4262c80e1510f9c05e9b6d48b\build
zlib/1.2.12: Generated conaninfo.txt
zlib/1.2.12: Generated conanbuildinfo.txt
zlib/1.2.12: Generating the package
zlib/1.2.12: Package folder C:\conan\data\zlib\1.2.12\_\_\package\5a61a86bb3e07ce4262c80e1510f9c05e9b6d48b
zlib/1.2.12: Calling package()
zlib/1.2.12: CMake command: cmake --install "C:\conan\data\zlib\1.2.12\_\_\build\5a61a86bb3e07ce4262c80e1510f9c05e9b6d48b\build" --prefix "C:/conan/data/zlib/1.2.12/_/_/package/5a61a86bb3e07ce4262c80e1510f9c05e9b6d48b"
**********************************************************************
** Visual Studio 2022 Developer Command Prompt v17.1.1
** Copyright (c) 2021 Microsoft Corporation
**********************************************************************
[vcvarsall.bat] Environment initialized for: 'x64'
-- Install configuration: "Release"
-- Installing: C:/conan/data/zlib/1.2.12/_/_/package/5a61a86bb3e07ce4262c80e1510f9c05e9b6d48b/lib/zlib.lib
-- Installing: C:/conan/data/zlib/1.2.12/_/_/package/5a61a86bb3e07ce4262c80e1510f9c05e9b6d48b/include/zconf.h
-- Installing: C:/conan/data/zlib/1.2.12/_/_/package/5a61a86bb3e07ce4262c80e1510f9c05e9b6d48b/include/zlib.h
zlib/1.2.12 package(): Packaged 2 '.h' files: zconf.h, zlib.h
zlib/1.2.12 package(): Packaged 1 '.lib' file: zlib.lib
zlib/1.2.12 package(): Packaged 1 file: LICENSE
zlib/1.2.12: Package '5a61a86bb3e07ce4262c80e1510f9c05e9b6d48b' created
zlib/1.2.12: Created package revision 27415161d7b51f5d2dcb39fb9aa83e1e
Aggregating env generators
